[2020-01-21 15:36:05] beautybox.ERROR: syntax error, unexpected 'public' (T_PUBLIC) {"exception":"[object] (Symfony\\Component\\Debug\\Exception\\FatalThrowableError(code: 0): syntax error, unexpected 'public' (T_PUBLIC) at D:\\ИГУ\\Базы данных\\OSPanel\\domains\\laravelmain\\database\\migrations\\2020_01_21_143949_create_clients_table.php:31)
[stacktrace]
#0 D:\\ИГУ\\Базы данных\\OSPanel\\domains\\laravelmain\\vendor\\laravel\\framework\\src\\Illuminate\\Database\\Migrations\\Migrator.php(477): Illuminate\\Filesystem\\Filesystem->requireOnce('D:\\\\\\xD0\\x98\\xD0\\x93\\xD0\\xA3\\\\\\xD0\\x91\\xD0\\xB0\\xD0...')
#1 D:\\ИГУ\\Базы данных\\OSPanel\\domains\\laravelmain\\vendor\\laravel\\framework\\src\\Illuminate\\Database\\Migrations\\Migrator.php(103): Illuminate\\Database\\Migrations\\Migrator->requireFiles(Array)
#2 D:\\ИГУ\\Базы данных\\OSPanel\\domains\\laravelmain\\vendor\\laravel\\framework\\src\\Illuminate\\Database\\Console\\Migrations\\MigrateCommand.php(71): Illuminate\\Database\\Migrations\\Migrator->run(Array, Array)
#3 [internal function]: Illuminate\\Database\\Console\\Migrations\\MigrateCommand->handle()
#4 D:\\ИГУ\\Базы данных\\OSPanel\\domains\\laravelmain\\vendor\\laravel\\framework\\src\\Illuminate\\Container\\BoundMethod.php(32): call_user_func_array(Array, Array)
#5 D:\\ИГУ\\Базы данных\\OSPanel\\domains\\laravelmain\\vendor\\laravel\\framework\\src\\Illuminate\\Container\\Util.php(36): Illuminate\\Container\\BoundMethod::Illuminate\\Container\\{closure}()
#6 D:\\ИГУ\\Базы данных\\OSPanel\\domains\\laravelmain\\vendor\\laravel\\framework\\src\\Illuminate\\Container\\BoundMethod.php(90): Illuminate\\Container\\Util::unwrapIfClosure(Object(Closure))
#7 D:\\ИГУ\\Базы данных\\OSPanel\\domains\\laravelmain\\vendor\\laravel\\framework\\src\\Illuminate\\Container\\BoundMethod.php(34): Illuminate\\Container\\BoundMethod::callBoundMethod(Object(Illuminate\\Foundation\\Application), Array, Object(Closure))
#8 D:\\ИГУ\\Базы данных\\OSPanel\\domains\\laravelmain\\vendor\\laravel\\framework\\src\\Illuminate\\Container\\Container.php(590): Illuminate\\Container\\BoundMethod::call(Object(Illuminate\\Foundation\\Application), Array, Array, NULL)
#9 D:\\ИГУ\\Базы данных\\OSPanel\\domains\\laravelmain\\vendor\\laravel\\framework\\src\\Illuminate\\Console\\Command.php(202): Illuminate\\Container\\Container->call(Array)
#10 D:\\ИГУ\\Базы данных\\OSPanel\\domains\\laravelmain\\vendor\\symfony\\console\\Command\\Command.php(255): Illuminate\\Console\\Command->execute(Object(Symfony\\Component\\Console\\Input\\ArgvInput), Object(Illuminate\\Console\\OutputStyle))
#11 D:\\ИГУ\\Базы данных\\OSPanel\\domains\\laravelmain\\vendor\\laravel\\framework\\src\\Illuminate\\Console\\Command.php(189): Symfony\\Component\\Console\\Command\\Command->run(Object(Symfony\\Component\\Console\\Input\\ArgvInput), Object(Illuminate\\Console\\OutputStyle))
#12 D:\\ИГУ\\Базы данных\\OSPanel\\domains\\laravelmain\\vendor\\symfony\\console\\Application.php(1011): Illuminate\\Console\\Command->run(Object(Symfony\\Component\\Console\\Input\\ArgvInput), Object(Symfony\\Component\\Console\\Output\\ConsoleOutput))
#13 D:\\ИГУ\\Базы данных\\OSPanel\\domains\\laravelmain\\vendor\\symfony\\console\\Application.php(272): Symfony\\Component\\Console\\Application->doRunCommand(Object(Illuminate\\Database\\Console\\Migrations\\MigrateCommand), Object(Symfony\\Component\\Console\\Input\\ArgvInput), Object(Symfony\\Component\\Console\\Output\\ConsoleOutput))
#14 D:\\ИГУ\\Базы данных\\OSPanel\\domains\\laravelmain\\vendor\\symfony\\console\\Application.php(148): Symfony\\Component\\Console\\Application->doRun(Object(Symfony\\Component\\Console\\Input\\ArgvInput), Object(Symfony\\Component\\Console\\Output\\ConsoleOutput))
#15 D:\\ИГУ\\Базы данных\\OSPanel\\domains\\laravelmain\\vendor\\laravel\\framework\\src\\Illuminate\\Console\\Application.php(93): Symfony\\Component\\Console\\Application->run(Object(Symfony\\Component\\Console\\Input\\ArgvInput), Object(Symfony\\Component\\Console\\Output\\ConsoleOutput))
#16 D:\\ИГУ\\Базы данных\\OSPanel\\domains\\laravelmain\\vendor\\laravel\\framework\\src\\Illuminate\\Foundation\\Console\\Kernel.php(131): Illuminate\\Console\\Application->run(Object(Symfony\\Component\\Console\\Input\\ArgvInput), Object(Symfony\\Component\\Console\\Output\\ConsoleOutput))
#17 D:\\ИГУ\\Базы данных\\OSPanel\\domains\\laravelmain\\artisan(37): Illuminate\\Foundation\\Console\\Kernel->handle(Object(Symfony\\Component\\Console\\Input\\ArgvInput), Object(Symfony\\Component\\Console\\Output\\ConsoleOutput))
#18 {main}
"} 
[2020-01-21 15:43:07] beautybox.ERROR: syntax error, unexpected 'public' (T_PUBLIC) {"exception":"[object] (Symfony\\Component\\Debug\\Exception\\FatalThrowableError(code: 0): syntax error, unexpected 'public' (T_PUBLIC) at D:\\ИГУ\\Базы данных\\OSPanel\\domains\\laravelmain\\database\\migrations\\2020_01_21_143949_create_clients_table.php:31)
[stacktrace]
#0 D:\\ИГУ\\Базы данных\\OSPanel\\domains\\laravelmain\\vendor\\laravel\\framework\\src\\Illuminate\\Database\\Migrations\\Migrator.php(477): Illuminate\\Filesystem\\Filesystem->requireOnce('D:\\\\\\xD0\\x98\\xD0\\x93\\xD0\\xA3\\\\\\xD0\\x91\\xD0\\xB0\\xD0...')
#1 D:\\ИГУ\\Базы данных\\OSPanel\\domains\\laravelmain\\vendor\\laravel\\framework\\src\\Illuminate\\Database\\Migrations\\Migrator.php(103): Illuminate\\Database\\Migrations\\Migrator->requireFiles(Array)
#2 D:\\ИГУ\\Базы данных\\OSPanel\\domains\\laravelmain\\vendor\\laravel\\framework\\src\\Illuminate\\Database\\Console\\Migrations\\MigrateCommand.php(71): Illuminate\\Database\\Migrations\\Migrator->run(Array, Array)
#3 [internal function]: Illuminate\\Database\\Console\\Migrations\\MigrateCommand->handle()
#4 D:\\ИГУ\\Базы данных\\OSPanel\\domains\\laravelmain\\vendor\\laravel\\framework\\src\\Illuminate\\Container\\BoundMethod.php(32): call_user_func_array(Array, Array)
#5 D:\\ИГУ\\Базы данных\\OSPanel\\domains\\laravelmain\\vendor\\laravel\\framework\\src\\Illuminate\\Container\\Util.php(36): Illuminate\\Container\\BoundMethod::Illuminate\\Container\\{closure}()
#6 D:\\ИГУ\\Базы данных\\OSPanel\\domains\\laravelmain\\vendor\\laravel\\framework\\src\\Illuminate\\Container\\BoundMethod.php(90): Illuminate\\Container\\Util::unwrapIfClosure(Object(Closure))
#7 D:\\ИГУ\\Базы данных\\OSPanel\\domains\\laravelmain\\vendor\\laravel\\framework\\src\\Illuminate\\Container\\BoundMethod.php(34): Illuminate\\Container\\BoundMethod::callBoundMethod(Object(Illuminate\\Foundation\\Application), Array, Object(Closure))
#8 D:\\ИГУ\\Базы данных\\OSPanel\\domains\\laravelmain\\vendor\\laravel\\framework\\src\\Illuminate\\Container\\Container.php(590): Illuminate\\Container\\BoundMethod::call(Object(Illuminate\\Foundation\\Application), Array, Array, NULL)
#9 D:\\ИГУ\\Базы данных\\OSPanel\\domains\\laravelmain\\vendor\\laravel\\framework\\src\\Illuminate\\Console\\Command.php(202): Illuminate\\Container\\Container->call(Array)
#10 D:\\ИГУ\\Базы данных\\OSPanel\\domains\\laravelmain\\vendor\\symfony\\console\\Command\\Command.php(255): Illuminate\\Console\\Command->execute(Object(Symfony\\Component\\Console\\Input\\ArgvInput), Object(Illuminate\\Console\\OutputStyle))
#11 D:\\ИГУ\\Базы данных\\OSPanel\\domains\\laravelmain\\vendor\\laravel\\framework\\src\\Illuminate\\Console\\Command.php(189): Symfony\\Component\\Console\\Command\\Command->run(Object(Symfony\\Component\\Console\\Input\\ArgvInput), Object(Illuminate\\Console\\OutputStyle))
#12 D:\\ИГУ\\Базы данных\\OSPanel\\domains\\laravelmain\\vendor\\symfony\\console\\Application.php(1011): Illuminate\\Console\\Command->run(Object(Symfony\\Component\\Console\\Input\\ArgvInput), Object(Symfony\\Component\\Console\\Output\\ConsoleOutput))
#13 D:\\ИГУ\\Базы данных\\OSPanel\\domains\\laravelmain\\vendor\\symfony\\console\\Application.php(272): Symfony\\Component\\Console\\Application->doRunCommand(Object(Illuminate\\Database\\Console\\Migrations\\MigrateCommand), Object(Symfony\\Component\\Console\\Input\\ArgvInput), Object(Symfony\\Component\\Console\\Output\\ConsoleOutput))
#14 D:\\ИГУ\\Базы данных\\OSPanel\\domains\\laravelmain\\vendor\\symfony\\console\\Application.php(148): Symfony\\Component\\Console\\Application->doRun(Object(Symfony\\Component\\Console\\Input\\ArgvInput), Object(Symfony\\Component\\Console\\Output\\ConsoleOutput))
#15 D:\\ИГУ\\Базы данных\\OSPanel\\domains\\laravelmain\\vendor\\laravel\\framework\\src\\Illuminate\\Console\\Application.php(93): Symfony\\Component\\Console\\Application->run(Object(Symfony\\Component\\Console\\Input\\ArgvInput), Object(Symfony\\Component\\Console\\Output\\ConsoleOutput))
#16 D:\\ИГУ\\Базы данных\\OSPanel\\domains\\laravelmain\\vendor\\laravel\\framework\\src\\Illuminate\\Foundation\\Console\\Kernel.php(131): Illuminate\\Console\\Application->run(Object(Symfony\\Component\\Console\\Input\\ArgvInput), Object(Symfony\\Component\\Console\\Output\\ConsoleOutput))
#17 D:\\ИГУ\\Базы данных\\OSPanel\\domains\\laravelmain\\artisan(37): Illuminate\\Foundation\\Console\\Kernel->handle(Object(Symfony\\Component\\Console\\Input\\ArgvInput), Object(Symfony\\Component\\Console\\Output\\ConsoleOutput))
#18 {main}
"} 
[2020-01-21 15:44:12] beautybox.ERROR: syntax error, unexpected 'public' (T_PUBLIC) {"exception":"[object] (Symfony\\Component\\Debug\\Exception\\FatalThrowableError(code: 0): syntax error, unexpected 'public' (T_PUBLIC) at D:\\ИГУ\\Базы данных\\OSPanel\\domains\\laravelmain\\database\\migrations\\2020_01_21_143949_create_clients_table.php:30)
[stacktrace]
#0 D:\\ИГУ\\Базы данных\\OSPanel\\domains\\laravelmain\\vendor\\laravel\\framework\\src\\Illuminate\\Database\\Migrations\\Migrator.php(477): Illuminate\\Filesystem\\Filesystem->requireOnce('D:\\\\\\xD0\\x98\\xD0\\x93\\xD0\\xA3\\\\\\xD0\\x91\\xD0\\xB0\\xD0...')
#1 D:\\ИГУ\\Базы данных\\OSPanel\\domains\\laravelmain\\vendor\\laravel\\framework\\src\\Illuminate\\Database\\Migrations\\Migrator.php(103): Illuminate\\Database\\Migrations\\Migrator->requireFiles(Array)
#2 D:\\ИГУ\\Базы данных\\OSPanel\\domains\\laravelmain\\vendor\\laravel\\framework\\src\\Illuminate\\Database\\Console\\Migrations\\MigrateCommand.php(71): Illuminate\\Database\\Migrations\\Migrator->run(Array, Array)
#3 [internal function]: Illuminate\\Database\\Console\\Migrations\\MigrateCommand->handle()
#4 D:\\ИГУ\\Базы данных\\OSPanel\\domains\\laravelmain\\vendor\\laravel\\framework\\src\\Illuminate\\Container\\BoundMethod.php(32): call_user_func_array(Array, Array)
#5 D:\\ИГУ\\Базы данных\\OSPanel\\domains\\laravelmain\\vendor\\laravel\\framework\\src\\Illuminate\\Container\\Util.php(36): Illuminate\\Container\\BoundMethod::Illuminate\\Container\\{closure}()
#6 D:\\ИГУ\\Базы данных\\OSPanel\\domains\\laravelmain\\vendor\\laravel\\framework\\src\\Illuminate\\Container\\BoundMethod.php(90): Illuminate\\Container\\Util::unwrapIfClosure(Object(Closure))
#7 D:\\ИГУ\\Базы данных\\OSPanel\\domains\\laravelmain\\vendor\\laravel\\framework\\src\\Illuminate\\Container\\BoundMethod.php(34): Illuminate\\Container\\BoundMethod::callBoundMethod(Object(Illuminate\\Foundation\\Application), Array, Object(Closure))
#8 D:\\ИГУ\\Базы данных\\OSPanel\\domains\\laravelmain\\vendor\\laravel\\framework\\src\\Illuminate\\Container\\Container.php(590): Illuminate\\Container\\BoundMethod::call(Object(Illuminate\\Foundation\\Application), Array, Array, NULL)
#9 D:\\ИГУ\\Базы данных\\OSPanel\\domains\\laravelmain\\vendor\\laravel\\framework\\src\\Illuminate\\Console\\Command.php(202): Illuminate\\Container\\Container->call(Array)
#10 D:\\ИГУ\\Базы данных\\OSPanel\\domains\\laravelmain\\vendor\\symfony\\console\\Command\\Command.php(255): Illuminate\\Console\\Command->execute(Object(Symfony\\Component\\Console\\Input\\ArgvInput), Object(Illuminate\\Console\\OutputStyle))
#11 D:\\ИГУ\\Базы данных\\OSPanel\\domains\\laravelmain\\vendor\\laravel\\framework\\src\\Illuminate\\Console\\Command.php(189): Symfony\\Component\\Console\\Command\\Command->run(Object(Symfony\\Component\\Console\\Input\\ArgvInput), Object(Illuminate\\Console\\OutputStyle))
#12 D:\\ИГУ\\Базы данных\\OSPanel\\domains\\laravelmain\\vendor\\symfony\\console\\Application.php(1011): Illuminate\\Console\\Command->run(Object(Symfony\\Component\\Console\\Input\\ArgvInput), Object(Symfony\\Component\\Console\\Output\\ConsoleOutput))
#13 D:\\ИГУ\\Базы данных\\OSPanel\\domains\\laravelmain\\vendor\\symfony\\console\\Application.php(272): Symfony\\Component\\Console\\Application->doRunCommand(Object(Illuminate\\Database\\Console\\Migrations\\MigrateCommand), Object(Symfony\\Component\\Console\\Input\\ArgvInput), Object(Symfony\\Component\\Console\\Output\\ConsoleOutput))
#14 D:\\ИГУ\\Базы данных\\OSPanel\\domains\\laravelmain\\vendor\\symfony\\console\\Application.php(148): Symfony\\Component\\Console\\Application->doRun(Object(Symfony\\Component\\Console\\Input\\ArgvInput), Object(Symfony\\Component\\Console\\Output\\ConsoleOutput))
#15 D:\\ИГУ\\Базы данных\\OSPanel\\domains\\laravelmain\\vendor\\laravel\\framework\\src\\Illuminate\\Console\\Application.php(93): Symfony\\Component\\Console\\Application->run(Object(Symfony\\Component\\Console\\Input\\ArgvInput), Object(Symfony\\Component\\Console\\Output\\ConsoleOutput))
#16 D:\\ИГУ\\Базы данных\\OSPanel\\domains\\laravelmain\\vendor\\laravel\\framework\\src\\Illuminate\\Foundation\\Console\\Kernel.php(131): Illuminate\\Console\\Application->run(Object(Symfony\\Component\\Console\\Input\\ArgvInput), Object(Symfony\\Component\\Console\\Output\\ConsoleOutput))
#17 D:\\ИГУ\\Базы данных\\OSPanel\\domains\\laravelmain\\artisan(37): Illuminate\\Foundation\\Console\\Kernel->handle(Object(Symfony\\Component\\Console\\Input\\ArgvInput), Object(Symfony\\Component\\Console\\Output\\ConsoleOutput))
#18 {main}
"} 
